\BOOKMARK [0][-]{chapter.1}{\376\377\000I\000n\000t\000r\000o\000d\000u\000c\000t\000i\000o\000n}{}% 1
\BOOKMARK [1][-]{section.1.1}{\376\377\000O\000v\000e\000r\000v\000i\000e\000w}{chapter.1}% 2
\BOOKMARK [1][-]{section.1.2}{\376\377\000R\000e\000s\000e\000a\000r\000c\000h\000\040\000Q\000u\000e\000s\000t\000i\000o\000n\000s}{chapter.1}% 3
\BOOKMARK [1][-]{section.1.3}{\376\377\000C\000h\000a\000l\000l\000e\000n\000g\000e\000s\000\040\000F\000a\000c\000e\000d}{chapter.1}% 4
\BOOKMARK [1][-]{section.1.4}{\376\377\000T\000h\000e\000s\000i\000s\000\040\000O\000v\000e\000r\000v\000i\000e\000w}{chapter.1}% 5
\BOOKMARK [0][-]{chapter.2}{\376\377\000L\000i\000t\000e\000r\000a\000t\000u\000r\000e\000\040\000R\000e\000v\000i\000e\000w}{}% 6
\BOOKMARK [1][-]{section.2.1}{\376\377\000I\000n\000t\000r\000o\000d\000u\000c\000t\000i\000o\000n}{chapter.2}% 7
\BOOKMARK [1][-]{section.2.2}{\376\377\000E\000l\000e\000c\000t\000o\000r\000a\000l\000\040\000P\000o\000l\000i\000t\000i\000c\000s\000\040\000o\000f\000\040\000I\000n\000d\000i\000a}{chapter.2}% 8
\BOOKMARK [2][-]{subsection.2.2.1}{\376\377\000P\000o\000s\000t\000\040\000I\000n\000d\000e\000p\000e\000n\000d\000e\000n\000c\000e\000\040\000E\000r\000a}{section.2.2}% 9
\BOOKMARK [2][-]{subsection.2.2.2}{\376\377\000R\000i\000s\000e\000\040\000o\000f\000\040\000I\000d\000e\000n\000t\000i\000t\000y\000\040\000P\000o\000l\000i\000t\000i\000c\000s\000\040\000i\000n\000\040\000t\000h\000e\000\040\000N\000o\000r\000t\000h\000e\000r\000n\000\040\000P\000l\000a\000i\000n\000s}{section.2.2}% 10
\BOOKMARK [2][-]{subsection.2.2.3}{\376\377\000P\000o\000l\000i\000t\000i\000c\000s\000\040\000i\000n\000\040\000N\000o\000r\000t\000h\000e\000r\000n\000\040\000M\000o\000u\000n\000t\000a\000i\000n\000s\000\040\000o\000f\000\040\000I\000n\000d\000i\000a}{section.2.2}% 11
\BOOKMARK [1][-]{section.2.3}{\376\377\000D\000u\000v\000e\000r\000g\000e\000r\000'\000s\000\040\000l\000a\000w}{chapter.2}% 12
\BOOKMARK [2][-]{subsection.2.3.1}{\376\377\000D\000e\000f\000i\000n\000i\000t\000i\000o\000n}{section.2.3}% 13
\BOOKMARK [2][-]{subsection.2.3.2}{\376\377\000D\000u\000v\000e\000r\000g\000e\000r\000'\000s\000\040\000l\000a\000w\000\040\000a\000r\000o\000u\000n\000d\000\040\000t\000h\000e\000\040\000w\000o\000r\000l\000d}{section.2.3}% 14
\BOOKMARK [2][-]{subsection.2.3.3}{\376\377\000D\000u\000v\000e\000r\000g\000e\000r\000'\000s\000\040\000l\000a\000w\000\040\000i\000n\000\040\000I\000n\000d\000i\000a}{section.2.3}% 15
\BOOKMARK [1][-]{section.2.4}{\376\377\000H\000o\000w\000\040\000M\000o\000u\000n\000t\000a\000i\000n\000s\000\040\000D\000i\000f\000f\000e\000r\000e\000n\000t\000\040\000f\000r\000o\000m\000\040\000P\000l\000a\000i\000n\000s}{chapter.2}% 16
\BOOKMARK [2][-]{subsection.2.4.1}{\376\377\000W\000o\000r\000l\000d\000\040\000w\000i\000d\000e}{section.2.4}% 17
\BOOKMARK [2][-]{subsection.2.4.2}{\376\377\000I\000n\000d\000i\000a\000n\000\040\000C\000a\000s\000e}{section.2.4}% 18
\BOOKMARK [1][-]{section.2.5}{\376\377\000Z\000o\000m\000i\000a}{chapter.2}% 19
\BOOKMARK [1][-]{section.2.6}{\376\377\000C\000o\000n\000c\000l\000u\000s\000i\000o\000n}{chapter.2}% 20
\BOOKMARK [0][-]{chapter.3}{\376\377\000I\000d\000e\000n\000t\000i\000t\000y\000,\000\040\000G\000e\000n\000d\000e\000r\000,\000\040\000a\000n\000d\000\040\000E\000l\000e\000c\000t\000o\000r\000a\000l\000\040\000V\000a\000r\000i\000a\000t\000i\000o\000n\000s\000\040\000i\000n\000\040\000I\000n\000d\000i\000a\000'\000s\000\040\000S\000t\000a\000t\000e\000s}{}% 21
\BOOKMARK [1][-]{section.3.1}{\376\377\000I\000n\000t\000r\000o\000d\000u\000c\000t\000i\000o\000n}{chapter.3}% 22
\BOOKMARK [1][-]{section.3.2}{\376\377\000D\000u\000v\000e\000r\000g\000e\000r\000'\000s\000\040\000L\000a\000w}{chapter.3}% 23
\BOOKMARK [1][-]{section.3.3}{\376\377\000T\000h\000e\000\040\000I\000n\000d\000i\000a\000n\000\040\000C\000a\000s\000e}{chapter.3}% 24
\BOOKMARK [1][-]{section.3.4}{\376\377\000D\000a\000t\000a\000s\000e\000t}{chapter.3}% 25
\BOOKMARK [1][-]{section.3.5}{\376\377\000M\000e\000t\000h\000o\000d\000o\000l\000o\000g\000y}{chapter.3}% 26
\BOOKMARK [2][-]{subsection.3.5.1}{\376\377\000D\000u\000v\000e\000r\000g\000e\000r\000'\000s\000\040\000l\000a\000w}{section.3.5}% 27
\BOOKMARK [2][-]{subsection.3.5.2}{\376\377\000N\000F\000H\000S\000\040\000D\000a\000t\000a\000s\000e\000t}{section.3.5}% 28
\BOOKMARK [3][-]{subsubsection.3.5.2.1}{\376\377\000D\000e\000s\000c\000r\000i\000p\000t\000i\000o\000n\000\040\000o\000f\000\040\000P\000a\000r\000a\000m\000e\000t\000e\000r\000s}{subsection.3.5.2}% 29
\BOOKMARK [3][-]{subsubsection.3.5.2.2}{\376\377\000R\000a\000n\000k\000i\000n\000g\000\040\000M\000e\000t\000h\000o\000d\000o\000l\000o\000g\000y}{subsection.3.5.2}% 30
\BOOKMARK [1][-]{section.3.6}{\376\377\000L\000o\000k\000\040\000S\000a\000b\000h\000a}{chapter.3}% 31
\BOOKMARK [2][-]{subsection.3.6.1}{\376\377\000P\000r\000e\000l\000i\000m\000i\000n\000a\000r\000y\000\040\000a\000n\000a\000l\000y\000s\000i\000s}{section.3.6}% 32
\BOOKMARK [2][-]{subsection.3.6.2}{\376\377\000D\000u\000v\000e\000r\000g\000e\000r\000'\000s\000\040\000l\000a\000w\000\040\000t\000h\000r\000o\000u\000g\000h\000\040\000t\000h\000e\000\040\000y\000e\000a\000r\000s}{section.3.6}% 33
\BOOKMARK [1][-]{section.3.7}{\376\377\000A\000s\000s\000e\000m\000b\000l\000y\000\040\000E\000l\000e\000c\000t\000i\000o\000n\000s}{chapter.3}% 34
\BOOKMARK [1][-]{section.3.8}{\376\377\000N\000F\000H\000S\000\040\000A\000n\000a\000l\000y\000s\000i\000s}{chapter.3}% 35
\BOOKMARK [2][-]{subsubsection.3.8.0.1}{\376\377\000C\000h\000i\000l\000d\000\040\000M\000a\000r\000r\000i\000a\000g\000e}{section.3.8}% 36
\BOOKMARK [3][-]{subsubsection.3.8.0.2}{\376\377\000L\000i\000t\000e\000r\000a\000c\000y}{subsubsection.3.8.0.1}% 37
\BOOKMARK [3][-]{subsubsection.3.8.0.3}{\376\377\000B\000r\000e\000a\000s\000t\000\040\000M\000i\000l\000k}{subsubsection.3.8.0.1}% 38
\BOOKMARK [3][-]{subsubsection.3.8.0.4}{\376\377\000C\000o\000n\000t\000r\000a\000c\000e\000p\000t\000i\000v\000e\000\040\000D\000a\000t\000a}{subsubsection.3.8.0.1}% 39
\BOOKMARK [3][-]{subsubsection.3.8.0.5}{\376\377\000F\000i\000n\000a\000l\000\040\000R\000a\000n\000k}{subsubsection.3.8.0.1}% 40
\BOOKMARK [1][-]{section.3.9}{\376\377\000C\000o\000n\000c\000l\000u\000s\000i\000o\000n}{chapter.3}% 41
\BOOKMARK [0][-]{chapter.4}{\376\377\000\040\000U\000n\000d\000e\000r\000s\000t\000a\000n\000d\000i\000n\000g\000\040\000I\000n\000d\000i\000a\000'\000s\000\040\000M\000o\000u\000n\000t\000a\000i\000n\000\040\000a\000n\000d\000\040\000P\000l\000a\000i\000n\000\040\000D\000i\000c\000h\000o\000t\000o\000m\000y}{}% 42
\BOOKMARK [1][-]{section.4.1}{\376\377\000I\000n\000t\000r\000o\000d\000u\000c\000t\000i\000o\000n}{chapter.4}% 43
\BOOKMARK [1][-]{section.4.2}{\376\377\000C\000a\000n\000\040\000S\000t\000r\000a\000t\000e\000g\000i\000c\000\040\000V\000o\000t\000i\000n\000g\000\040\000e\000x\000p\000l\000a\000i\000n\000\040\000t\000h\000i\000s\000?}{chapter.4}% 44
\BOOKMARK [1][-]{section.4.3}{\376\377\000R\000o\000l\000e\000\040\000o\000f\000\040\000I\000d\000e\000n\000t\000i\000t\000y\000\040\000p\000o\000l\000i\000t\000i\000c\000s\000\040\000i\000n\000\040\000M\000o\000u\000n\000t\000a\000i\000n\000s}{chapter.4}% 45
\BOOKMARK [1][-]{section.4.4}{\376\377\000S\000t\000r\000u\000c\000t\000u\000r\000a\000l\000\040\000D\000i\000f\000f\000e\000r\000e\000n\000c\000e\000s}{chapter.4}% 46
\BOOKMARK [1][-]{section.4.5}{\376\377\000G\000e\000n\000d\000e\000r\000\040\000E\000x\000p\000r\000e\000s\000s\000i\000o\000n\000:\000\040\000P\000l\000a\000i\000n\000s\000\040\000v\000/\000s\000\040\000M\000o\000u\000n\000t\000a\000i\000n\000s}{chapter.4}% 47
\BOOKMARK [1][-]{section.4.6}{\376\377\000C\000a\000s\000e\000\040\000S\000t\000u\000d\000y\000\040\000o\000f\000\040\000I\000n\000d\000i\000a\000n\000\040\000S\000t\000a\000t\000e\000s}{chapter.4}% 48
\BOOKMARK [2][-]{subsection.4.6.1}{\376\377\000H\000i\000m\000a\000c\000h\000a\000l\000\040\000P\000r\000a\000d\000e\000s\000h}{section.4.6}% 49
\BOOKMARK [2][-]{subsection.4.6.2}{\376\377\000M\000a\000n\000i\000p\000u\000r}{section.4.6}% 50
\BOOKMARK [1][-]{section.4.7}{\376\377\000C\000o\000n\000c\000l\000u\000s\000i\000o\000n}{chapter.4}% 51
\BOOKMARK [0][-]{chapter.5}{\376\377\000C\000o\000n\000c\000l\000u\000s\000i\000o\000n}{}% 52
\BOOKMARK [1][-]{section.5.1}{\376\377\000O\000v\000e\000r\000v\000i\000e\000w}{chapter.5}% 53
\BOOKMARK [1][-]{section.5.2}{\376\377\000L\000i\000m\000i\000t\000a\000t\000i\000o\000n\000s\000\040\000a\000n\000d\000\040\000F\000u\000t\000u\000r\000e\000\040\000W\000o\000r\000k}{chapter.5}% 54
\BOOKMARK [0][-]{chapter.6}{\376\377\000A\000p\000p\000e\000n\000d\000i\000x}{}% 55
