This is pdfTeX, Version 3.141592653-2.6-1.40.26 (MiKTeX 24.12) (preloaded format=pdflatex 2025.4.3)  6 MAY 2025 03:36
entering extended mode
 restricted \write18 enabled.
 %&-line parsing enabled.
**./main.tex
(main.tex
LaTeX2e <2024-11-01> patch level 2
L3 programming layer <2025-01-18>
(/home/devesh/.miktex/texmfs/install/tex/latex/base/book.cls
Document Class: book 2024/06/29 v1.4n Standard LaTeX document class
(/home/devesh/.miktex/texmfs/install/tex/latex/base/bk11.clo
File: bk11.clo 2024/06/29 v1.4n Standard LaTeX file (size option)
)
\c@part=\count196
\c@chapter=\count197
\c@section=\count198
\c@subsection=\count199
\c@subsubsection=\count266
\c@paragraph=\count267
\c@subparagraph=\count268
\c@figure=\count269
\c@table=\count270
\abovecaptionskip=\skip49
\belowcaptionskip=\skip50
\bibindent=\dimen141
) (/home/devesh/.miktex/texmfs/install/tex/latex/amsmath/amsmath.sty
Package: amsmath 2024/11/05 v2.17t AMS math features
\@mathmargin=\skip51
For additional information on amsmath, use the `?' option.
(/home/devesh/.miktex/texmfs/install/tex/latex/amsmath/amstext.sty
Package: amstext 2021/08/26 v2.01 AMS text
(/home/devesh/.miktex/texmfs/install/tex/latex/amsmath/amsgen.sty
File: amsgen.sty 1999/11/30 v2.0 generic functions
\@emptytoks=\toks17
\ex@=\dimen142
)) (/home/devesh/.miktex/texmfs/install/tex/latex/amsmath/amsbsy.sty
Package: amsbsy 1999/11/29 v1.2d Bold Symbols
\pmbraise@=\dimen143
) (/home/devesh/.miktex/texmfs/install/tex/latex/amsmath/amsopn.sty
Package: amsopn 2022/04/08 v2.04 operator names
)
\inf@bad=\count271
LaTeX Info: Redefining \frac on input line 233.
\uproot@=\count272
\leftroot@=\count273
LaTeX Info: Redefining \overline on input line 398.
LaTeX Info: Redefining \colon on input line 409.
\classnum@=\count274
\DOTSCASE@=\count275
LaTeX Info: Redefining \ldots on input line 495.
LaTeX Info: Redefining \dots on input line 498.
LaTeX Info: Redefining \cdots on input line 619.
\Mathstrutbox@=\box52
\strutbox@=\box53
LaTeX Info: Redefining \big on input line 721.
LaTeX Info: Redefining \Big on input line 722.
LaTeX Info: Redefining \bigg on input line 723.
LaTeX Info: Redefining \Bigg on input line 724.
\big@size=\dimen144
LaTeX Font Info:    Redeclaring font encoding OML on input line 742.
LaTeX Font Info:    Redeclaring font encoding OMS on input line 743.
\macc@depth=\count276
LaTeX Info: Redefining \bmod on input line 904.
LaTeX Info: Redefining \pmod on input line 909.
LaTeX Info: Redefining \smash on input line 939.
LaTeX Info: Redefining \relbar on input line 969.
LaTeX Info: Redefining \Relbar on input line 970.
\c@MaxMatrixCols=\count277
\dotsspace@=\muskip17
\c@parentequation=\count278
\dspbrk@lvl=\count279
\tag@help=\toks18
\row@=\count280
\column@=\count281
\maxfields@=\count282
\andhelp@=\toks19
\eqnshift@=\dimen145
\alignsep@=\dimen146
\tagshift@=\dimen147
\tagwidth@=\dimen148
\totwidth@=\dimen149
\lineht@=\dimen150
\@envbody=\toks20
\multlinegap=\skip52
\multlinetaggap=\skip53
\mathdisplay@stack=\toks21
LaTeX Info: Redefining \[ on input line 2953.
LaTeX Info: Redefining \] on input line 2954.
) (/home/devesh/.miktex/texmfs/install/tex/latex/amsfonts/amssymb.sty
Package: amssymb 2013/01/14 v3.01 AMS font symbols
(/home/devesh/.miktex/texmfs/install/tex/latex/amsfonts/amsfonts.sty
Package: amsfonts 2013/01/14 v3.01 Basic AMSFonts support
\symAMSa=\mathgroup4
\symAMSb=\mathgroup5
LaTeX Font Info:    Redeclaring math symbol \hbar on input line 98.
LaTeX Font Info:    Overwriting math alphabet `\mathfrak' in version `bold'
(Font)                  U/euf/m/n --> U/euf/b/n on input line 106.
)) (iiit_thesis.sty
*******************************************************************
** UIUC Thesis Style File, version 1.1, Nov 1995 by Fred Geiger 
** Based On UTTHESIS.STY, Written by Dinesh Das 
** Dept. of Computer Sciences, The University of Texas at Austin 
*******************************************************************
(/home/devesh/.miktex/texmfs/install/tex/latex/base/ifthen.sty
Package: ifthen 2024/03/16 v1.1e Standard LaTeX ifthen package (DPC)
)
\hour=\count283
\minute=\count284
\wwwy=\count285
\wwwm=\count286
\wwwd=\count287
\wwwc=\count288
\wwwt=\count289
\wwws=\count290
) (/home/devesh/.miktex/texmfs/install/tex/latex/psnfss/times.sty
Package: times 2020/03/25 PSNFSS-v9.3 (SPQR) 
) (/home/devesh/.miktex/texmfs/install/tex/latex/graphics/graphicx.sty
Package: graphicx 2021/09/16 v1.2d Enhanced LaTeX Graphics (DPC,SPQR)
(/home/devesh/.miktex/texmfs/install/tex/latex/graphics/keyval.sty
Package: keyval 2022/05/29 v1.15 key=value parser (DPC)
\KV@toks@=\toks22
) (/home/devesh/.miktex/texmfs/install/tex/latex/graphics/graphics.sty
Package: graphics 2024/08/06 v1.4g Standard LaTeX Graphics (DPC,SPQR)
(/home/devesh/.miktex/texmfs/install/tex/latex/graphics/trig.sty
Package: trig 2023/12/02 v1.11 sin cos tan (DPC)
) (/home/devesh/.miktex/texmfs/install/tex/latex/graphics-cfg/graphics.cfg
File: graphics.cfg 2016/06/04 v1.11 sample graphics configuration
)
Package graphics Info: Driver file: pdftex.def on input line 106.
(/home/devesh/.miktex/texmfs/install/tex/latex/graphics-def/pdftex.def
File: pdftex.def 2024/04/13 v1.2c Graphics/color driver for pdftex
))
\Gin@req@height=\dimen151
\Gin@req@width=\dimen152
) (/home/devesh/.miktex/texmfs/install/tex/latex/setspace/setspace.sty
Package: setspace 2022/12/04 v6.7b set line spacing
) (/home/devesh/.miktex/texmfs/install/tex/latex/enumitem/enumitem.sty
Package: enumitem 2025/02/06 v3.11 Customized lists
\labelindent=\skip54
\enit@outerparindent=\dimen153
\enit@toks=\toks23
\enit@inbox=\box54
\enit@count@id=\count291
\enitdp@description=\count292
) (/home/devesh/.miktex/texmfs/install/tex/latex/tools/tabularx.sty
Package: tabularx 2023/12/11 v2.12a `tabularx' package (DPC)
(/home/devesh/.miktex/texmfs/install/tex/latex/tools/array.sty
Package: array 2024/10/17 v2.6g Tabular extension package (FMi)
\col@sep=\dimen154
\ar@mcellbox=\box55
\extrarowheight=\dimen155
\NC@list=\toks24
\extratabsurround=\skip55
\backup@length=\skip56
\ar@cellbox=\box56
)
\TX@col@width=\dimen156
\TX@old@table=\dimen157
\TX@old@col=\dimen158
\TX@target=\dimen159
\TX@delta=\dimen160
\TX@cols=\count293
\TX@ftn=\toks25
) (/home/devesh/.miktex/texmfs/install/tex/latex/subfigure/subfigure.sty
Package: subfigure 2002/07/30 v2.1.4 subfigure package
\subfigtopskip=\skip57
\subfigcapskip=\skip58
\subfigcaptopadj=\dimen161
\subfigbottomskip=\skip59
\subfigcapmargin=\dimen162
\subfiglabelskip=\skip60
\c@subfigure=\count294
\c@lofdepth=\count295
\c@subtable=\count296
\c@lotdepth=\count297
****************************************
* Local config file subfigure.cfg used *
****************************************
(/home/devesh/.miktex/texmfs/install/tex/latex/subfigure/subfigure.cfg)
\subfig@top=\skip61
\subfig@bottom=\skip62
) (/home/devesh/.miktex/texmfs/install/tex/latex/notoccite/notoccite.sty
Package: notoccite 2000/07/20
) (/home/devesh/.miktex/texmfs/install/tex/latex/tools/afterpage.sty
Package: afterpage 2023/07/04 v1.08 After-Page Package (DPC)
\AP@output=\toks26
\AP@partial=\box57
\AP@footins=\box58
) (/home/devesh/.miktex/texmfs/install/tex/latex/xcolor/xcolor.sty
Package: xcolor 2024/09/29 v3.02 LaTeX color extensions (UK)
(/home/devesh/.miktex/texmfs/install/tex/latex/graphics-cfg/color.cfg
File: color.cfg 2016/01/02 v1.6 sample color configuration
)
Package xcolor Info: Driver file: pdftex.def on input line 274.
(/home/devesh/.miktex/texmfs/install/tex/latex/graphics/mathcolor.ltx)
Package xcolor Info: Model `cmy' substituted by `cmy0' on input line 1349.
Package xcolor Info: Model `hsb' substituted by `rgb' on input line 1353.
Package xcolor Info: Model `RGB' extended on input line 1365.
Package xcolor Info: Model `HTML' substituted by `rgb' on input line 1367.
Package xcolor Info: Model `Hsb' substituted by `hsb' on input line 1368.
Package xcolor Info: Model `tHsb' substituted by `hsb' on input line 1369.
Package xcolor Info: Model `HSB' substituted by `hsb' on input line 1370.
Package xcolor Info: Model `Gray' substituted by `gray' on input line 1371.
Package xcolor Info: Model `wave' substituted by `hsb' on input line 1372.
) (/home/devesh/.miktex/texmfs/install/tex/latex/algorithms/algorithm.sty
Package: algorithm 2009/08/24 v0.1 Document Style `algorithm' - floating enviro
nment
(/home/devesh/.miktex/texmfs/install/tex/latex/float/float.sty
Package: float 2001/11/08 v1.3d Float enhancements (AL)
\c@float@type=\count298
\float@exts=\toks27
\float@box=\box59
\@float@everytoks=\toks28
\@floatcapt=\box60
)
\@float@every@algorithm=\toks29
\c@algorithm=\count299
) (/home/devesh/.miktex/texmfs/install/tex/latex/algorithmicx/algpseudocode.sty
Package: algpseudocode 
(/home/devesh/.miktex/texmfs/install/tex/latex/algorithmicx/algorithmicx.sty
Package: algorithmicx 2005/04/27 v1.2 Algorithmicx
Document Style algorithmicx 1.2 - a greatly improved `algorithmic' style
\c@ALG@line=\count300
\c@ALG@rem=\count301
\c@ALG@nested=\count302
\ALG@tlm=\skip63
\ALG@thistlm=\skip64
\c@ALG@Lnr=\count303
\c@ALG@blocknr=\count304
\c@ALG@storecount=\count305
\c@ALG@tmpcounter=\count306
\ALG@tmplength=\skip65
)
Document Style - pseudocode environments for use with the `algorithmicx' style
) (/home/devesh/.miktex/texmfs/install/tex/latex/multirow/multirow.sty
Package: multirow 2024/11/12 v2.9 Span multiple rows of a table
\multirow@colwidth=\skip66
\multirow@cntb=\count307
\multirow@dima=\skip67
\bigstrutjot=\dimen163
) (/home/devesh/.miktex/texmfs/install/tex/latex/hyperref/hyperref.sty
Package: hyperref 2024-11-05 v7.01l Hypertext links for LaTeX
(/home/devesh/.miktex/texmfs/install/tex/generic/iftex/iftex.sty
Package: iftex 2024/12/12 v1.0g TeX engine tests
) (/home/devesh/.miktex/texmfs/install/tex/latex/kvsetkeys/kvsetkeys.sty
Package: kvsetkeys 2022-10-05 v1.19 Key value parser (HO)
) (/home/devesh/.miktex/texmfs/install/tex/generic/kvdefinekeys/kvdefinekeys.st
y
Package: kvdefinekeys 2019-12-19 v1.6 Define keys (HO)
) (/home/devesh/.miktex/texmfs/install/tex/generic/pdfescape/pdfescape.sty
Package: pdfescape 2019/12/09 v1.15 Implements pdfTeX's escape features (HO)
(/home/devesh/.miktex/texmfs/install/tex/generic/ltxcmds/ltxcmds.sty
Package: ltxcmds 2023-12-04 v1.26 LaTeX kernel commands for general use (HO)
) (/home/devesh/.miktex/texmfs/install/tex/generic/pdftexcmds/pdftexcmds.sty
Package: pdftexcmds 2020-06-27 v0.33 Utility functions of pdfTeX for LuaTeX (HO
)
(/home/devesh/.miktex/texmfs/install/tex/generic/infwarerr/infwarerr.sty
Package: infwarerr 2019/12/03 v1.5 Providing info/warning/error messages (HO)
)
Package pdftexcmds Info: \pdf@primitive is available.
Package pdftexcmds Info: \pdf@ifprimitive is available.
Package pdftexcmds Info: \pdfdraftmode found.
)) (/home/devesh/.miktex/texmfs/install/tex/latex/hycolor/hycolor.sty
Package: hycolor 2020-01-27 v1.10 Color options for hyperref/bookmark (HO)
) (/home/devesh/.miktex/texmfs/install/tex/latex/hyperref/nameref.sty
Package: nameref 2023-11-26 v2.56 Cross-referencing by name of section
(/home/devesh/.miktex/texmfs/install/tex/latex/refcount/refcount.sty
Package: refcount 2019/12/15 v3.6 Data extraction from label references (HO)
)
(/home/devesh/.miktex/texmfs/install/tex/generic/gettitlestring/gettitlestring.
sty
Package: gettitlestring 2019/12/15 v1.6 Cleanup title references (HO)
(/home/devesh/.miktex/texmfs/install/tex/latex/kvoptions/kvoptions.sty
Package: kvoptions 2022-06-15 v3.15 Key value format for package options (HO)
))
\c@section@level=\count308
) (/home/devesh/.miktex/texmfs/install/tex/latex/etoolbox/etoolbox.sty
Package: etoolbox 2025/02/11 v2.5l e-TeX tools for LaTeX (JAW)
\etb@tempcnta=\count309
) (/home/devesh/.miktex/texmfs/install/tex/generic/stringenc/stringenc.sty
Package: stringenc 2019/11/29 v1.12 Convert strings between diff. encodings (HO
)
)
\@linkdim=\dimen164
\Hy@linkcounter=\count310
\Hy@pagecounter=\count311
(/home/devesh/.miktex/texmfs/install/tex/latex/hyperref/pd1enc.def
File: pd1enc.def 2024-11-05 v7.01l Hyperref: PDFDocEncoding definition (HO)
Now handling font encoding PD1 ...
... no UTF-8 mapping file for font encoding PD1
) (/home/devesh/.miktex/texmfs/install/tex/generic/intcalc/intcalc.sty
Package: intcalc 2019/12/15 v1.3 Expandable calculations with integers (HO)
)
\Hy@SavedSpaceFactor=\count312
(/home/devesh/.miktex/texmfs/install/tex/latex/hyperref/puenc.def
File: puenc.def 2024-11-05 v7.01l Hyperref: PDF Unicode definition (HO)
Now handling font encoding PU ...
... no UTF-8 mapping file for font encoding PU
)
Package hyperref Info: Hyper figures OFF on input line 4157.
Package hyperref Info: Link nesting OFF on input line 4162.
Package hyperref Info: Hyper index ON on input line 4165.
Package hyperref Info: Plain pages OFF on input line 4172.
Package hyperref Info: Backreferencing OFF on input line 4177.
Package hyperref Info: Implicit mode ON; LaTeX internals redefined.
Package hyperref Info: Bookmarks ON on input line 4424.
\c@Hy@tempcnt=\count313
(/home/devesh/.miktex/texmfs/install/tex/latex/url/url.sty
\Urlmuskip=\muskip18
Package: url 2013/09/16  ver 3.4  Verb mode for urls, etc.
)
LaTeX Info: Redefining \url on input line 4763.
\XeTeXLinkMargin=\dimen165
(/home/devesh/.miktex/texmfs/install/tex/generic/bitset/bitset.sty
Package: bitset 2019/12/09 v1.3 Handle bit-vector datatype (HO)
(/home/devesh/.miktex/texmfs/install/tex/generic/bigintcalc/bigintcalc.sty
Package: bigintcalc 2019/12/15 v1.5 Expandable calculations on big integers (HO
)
))
\Fld@menulength=\count314
\Field@Width=\dimen166
\Fld@charsize=\dimen167
Package hyperref Info: Hyper figures OFF on input line 6042.
Package hyperref Info: Link nesting OFF on input line 6047.
Package hyperref Info: Hyper index ON on input line 6050.
Package hyperref Info: backreferencing OFF on input line 6057.
Package hyperref Info: Link coloring OFF on input line 6062.
Package hyperref Info: Link coloring with OCG OFF on input line 6067.
Package hyperref Info: PDF/A mode OFF on input line 6072.
(/home/devesh/.miktex/texmfs/install/tex/latex/base/atbegshi-ltx.sty
Package: atbegshi-ltx 2021/01/10 v1.0c Emulation of the original atbegshi
package with kernel methods
)
\Hy@abspage=\count315
\c@Item=\count316
\c@Hfootnote=\count317
)
Package hyperref Info: Driver (autodetected): hpdftex.
(/home/devesh/.miktex/texmfs/install/tex/latex/hyperref/hpdftex.def
File: hpdftex.def 2024-11-05 v7.01l Hyperref driver for pdfTeX
(/home/devesh/.miktex/texmfs/install/tex/latex/base/atveryend-ltx.sty
Package: atveryend-ltx 2020/08/19 v1.0a Emulation of the original atveryend pac
kage
with kernel methods
)
\Fld@listcount=\count318
\c@bookmark@seq@number=\count319

(/home/devesh/.miktex/texmfs/install/tex/latex/rerunfilecheck/rerunfilecheck.st
y
Package: rerunfilecheck 2022-07-10 v1.10 Rerun checks for auxiliary files (HO)

(/home/devesh/.miktex/texmfs/install/tex/generic/uniquecounter/uniquecounter.st
y
Package: uniquecounter 2019/12/15 v1.4 Provide unlimited unique counter (HO)
)
Package uniquecounter Info: New unique counter `rerunfilecheck' on input line 2
85.
)
\Hy@SectionHShift=\skip68
) (/home/devesh/.miktex/texmfs/install/tex/latex/appendix/appendix.sty
Package: appendix 2020/02/08 v1.2c extra appendix facilities
\c@@pps=\count320
\c@@ppsavesec=\count321
\c@@ppsaveapp=\count322
) (/home/devesh/.miktex/texmfs/install/tex/latex/comment/comment.sty
\CommentStream=\write3
Excluding comment 'comment') (/home/devesh/.miktex/texmfs/install/tex/latex/pdf
pages/pdfpages.sty
Package: pdfpages 2025/03/12 v0.6f Insert pages of external PDF documents (AM)
(/home/devesh/.miktex/texmfs/install/tex/latex/tools/calc.sty
Package: calc 2023/07/08 v4.3 Infix arithmetic (KKT,FJ)
\calc@Acount=\count323
\calc@Bcount=\count324
\calc@Adimen=\dimen168
\calc@Bdimen=\dimen169
\calc@Askip=\skip69
\calc@Bskip=\skip70
LaTeX Info: Redefining \setlength on input line 80.
LaTeX Info: Redefining \addtolength on input line 81.
\calc@Ccount=\count325
\calc@Cskip=\skip71
) (/home/devesh/.miktex/texmfs/install/tex/latex/eso-pic/eso-pic.sty
Package: eso-pic 2023/05/03 v3.0c eso-pic (RN)
\ESO@tempdima=\dimen170
\ESO@tempdimb=\dimen171
)
\AM@pagewidth=\dimen172
\AM@pageheight=\dimen173
\AM@fboxrule=\dimen174
(/home/devesh/.miktex/texmfs/install/tex/latex/pdfpages/pppdftex.def
File: pppdftex.def 2025/03/12 v0.6f Pdfpages driver for pdfTeX (AM)
)
\pdfpages@includegraphics@status=\count326
\AM@pagebox=\box61
\AM@global@opts=\toks30
\AM@pagecnt=\count327
\AM@toc@title=\toks31
\AM@lof@heading=\toks32
\c@AM@survey=\count328
\AM@templatesizebox=\box62
) (/home/devesh/.miktex/texmfs/install/tex/latex/siunitx/siunitx.sty
Package: siunitx 2025-03-26 v3.4.8 A comprehensive (SI) units package
\l__siunitx_number_uncert_offset_int=\count329
\l__siunitx_number_exponent_fixed_int=\count330
\l__siunitx_number_min_decimal_int=\count331
\l__siunitx_number_min_integer_int=\count332
\l__siunitx_number_round_precision_int=\count333
\l__siunitx_number_lower_threshold_int=\count334
\l__siunitx_number_upper_threshold_int=\count335
\l__siunitx_number_group_first_int=\count336
\l__siunitx_number_group_size_int=\count337
\l__siunitx_number_group_minimum_int=\count338
\l__siunitx_angle_tmp_dim=\dimen175
\l__siunitx_angle_marker_box=\box63
\l__siunitx_angle_unit_box=\box64
\l__siunitx_compound_count_int=\count339
(/home/devesh/.miktex/texmfs/install/tex/latex/translations/translations.sty
Package: translations 2022/02/05 v1.12 internationalization of LaTeX2e packages
 (CN)
)
\l__siunitx_table_tmp_box=\box65
\l__siunitx_table_tmp_dim=\dimen176
\l__siunitx_table_column_width_dim=\dimen177
\l__siunitx_table_integer_box=\box66
\l__siunitx_table_decimal_box=\box67
\l__siunitx_table_uncert_box=\box68
\l__siunitx_table_before_box=\box69
\l__siunitx_table_after_box=\box70
\l__siunitx_table_before_dim=\dimen178
\l__siunitx_table_carry_dim=\dimen179
\l__siunitx_unit_tmp_int=\count340
\l__siunitx_unit_position_int=\count341
\l__siunitx_unit_total_int=\count342
) (/home/devesh/.miktex/texmfs/install/tex/latex/csquotes/csquotes.sty
Package: csquotes 2024-04-04 v5.2o context-sensitive quotations (JAW)
\csq@reset=\count343
\csq@gtype=\count344
\csq@glevel=\count345
\csq@qlevel=\count346
\csq@maxlvl=\count347
\csq@tshold=\count348
\csq@ltx@everypar=\toks33
(/home/devesh/.miktex/texmfs/install/tex/latex/csquotes/csquotes.def
File: csquotes.def 2024-04-04 v5.2o csquotes generic definitions (JAW)
)
Package csquotes Info: Trying to load configuration file 'csquotes.cfg'...
Package csquotes Info: ... configuration file loaded successfully.
(/home/devesh/.miktex/texmfs/install/tex/latex/csquotes/csquotes.cfg
File: csquotes.cfg 
)) (/home/devesh/.miktex/texmfs/install/tex/latex/placeins/placeins.sty
Package: placeins 2005/04/18  v 2.2
) (/home/devesh/.miktex/texmfs/install/tex/latex/totcount/totcount.sty
Package: totcount 2011/01/25 v1.2 package for gettingthe total value of LaTeX c
ounters
) (/home/devesh/.miktex/texmfs/install/tex/latex/listings/listings.sty
\lst@mode=\count349
\lst@gtempboxa=\box71
\lst@token=\toks34
\lst@length=\count350
\lst@currlwidth=\dimen180
\lst@column=\count351
\lst@pos=\count352
\lst@lostspace=\dimen181
\lst@width=\dimen182
\lst@newlines=\count353
\lst@lineno=\count354
\lst@maxwidth=\dimen183
(/home/devesh/.miktex/texmfs/install/tex/latex/listings/lstpatch.sty
File: lstpatch.sty 2024/09/23 1.10c (Carsten Heinz)
) (/home/devesh/.miktex/texmfs/install/tex/latex/listings/lstmisc.sty
File: lstmisc.sty 2024/09/23 1.10c (Carsten Heinz)
\c@lstnumber=\count355
\lst@skipnumbers=\count356
\lst@framebox=\box72
) (/home/devesh/.miktex/texmfs/install/tex/latex/listings/listings.cfg
File: listings.cfg 2024/09/23 1.10c listings configuration
))
Package: listings 2024/09/23 1.10c (Carsten Heinz)
(/home/devesh/.miktex/texmfs/install/tex/latex/hyphenat/hyphenat.sty
Package: hyphenat 2009/09/02 v2.3c hyphenation utilities
\langwohyphens=\language1
LaTeX Info: Redefining \_ on input line 43.
) (/home/devesh/.miktex/texmfs/install/tex/latex/biblatex/biblatex.sty
Package: biblatex 2024/03/21 v3.20 programmable bibliographies (PK/MW)
(/home/devesh/.miktex/texmfs/install/tex/latex/logreq/logreq.sty
Package: logreq 2010/08/04 v1.0 xml request logger
\lrq@indent=\count357
(/home/devesh/.miktex/texmfs/install/tex/latex/logreq/logreq.def
File: logreq.def 2010/08/04 v1.0 logreq spec v1.0
))
\c@tabx@nest=\count358
\c@listtotal=\count359
\c@listcount=\count360
\c@liststart=\count361
\c@liststop=\count362
\c@citecount=\count363
\c@citetotal=\count364
\c@multicitecount=\count365
\c@multicitetotal=\count366
\c@instcount=\count367
\c@maxnames=\count368
\c@minnames=\count369
\c@maxitems=\count370
\c@minitems=\count371
\c@citecounter=\count372
\c@maxcitecounter=\count373
\c@savedcitecounter=\count374
\c@uniquelist=\count375
\c@uniquename=\count376
\c@refsection=\count377
\c@refsegment=\count378
\c@maxextratitle=\count379
\c@maxextratitleyear=\count380
\c@maxextraname=\count381
\c@maxextradate=\count382
\c@maxextraalpha=\count383
\c@abbrvpenalty=\count384
\c@highnamepenalty=\count385
\c@lownamepenalty=\count386
\c@maxparens=\count387
\c@parenlevel=\count388
\blx@tempcnta=\count389
\blx@tempcntb=\count390
\blx@tempcntc=\count391
\c@blx@maxsection=\count392
\blx@maxsegment@0=\count393
\blx@notetype=\count394
\blx@parenlevel@text=\count395
\blx@parenlevel@foot=\count396
\blx@sectionciteorder@0=\count397
\blx@sectionciteorderinternal@0=\count398
\blx@entrysetcounter=\count399
\blx@biblioinstance=\count400
\labelnumberwidth=\skip72
\labelalphawidth=\skip73
\biblabelsep=\skip74
\bibitemsep=\skip75
\bibnamesep=\skip76
\bibinitsep=\skip77
\bibparsep=\skip78
\bibhang=\skip79
\blx@bcfin=\read2
\blx@bcfout=\write4
\blx@langwohyphens=\language2
\c@mincomprange=\count401
\c@maxcomprange=\count402
\c@mincompwidth=\count403
Package biblatex Info: Trying to load biblatex default data model...
Package biblatex Info: ... file 'blx-dm.def' found.
(/home/devesh/.miktex/texmfs/install/tex/latex/biblatex/blx-dm.def
File: blx-dm.def 2024/03/21 v3.20 biblatex datamodel (PK/MW)
)
Package biblatex Info: Trying to load biblatex style data model...
Package biblatex Info: ... file 'apa.dbx' found.
(/home/devesh/.miktex/texmfs/install/tex/latex/biblatex-apa/apa.dbx
File: apa.dbx 2023/03/20 v9.17 APA biblatex style data model
)
Package biblatex Info: Trying to load biblatex custom data model...
Package biblatex Info: ... file 'biblatex-dm.cfg' not found.
\c@afterword=\count404
\c@savedafterword=\count405
\c@annotator=\count406
\c@savedannotator=\count407
\c@author=\count408
\c@savedauthor=\count409
\c@bookauthor=\count410
\c@savedbookauthor=\count411
\c@commentator=\count412
\c@savedcommentator=\count413
\c@editor=\count414
\c@savededitor=\count415
\c@editora=\count416
\c@savededitora=\count417
\c@editorb=\count418
\c@savededitorb=\count419
\c@editorc=\count420
\c@savededitorc=\count421
\c@foreword=\count422
\c@savedforeword=\count423
\c@holder=\count424
\c@savedholder=\count425
\c@introduction=\count426
\c@savedintroduction=\count427
\c@namea=\count428
\c@savednamea=\count429
\c@nameb=\count430
\c@savednameb=\count431
\c@namec=\count432
\c@savednamec=\count433
\c@translator=\count434
\c@savedtranslator=\count435
\c@shortauthor=\count436
\c@savedshortauthor=\count437
\c@shorteditor=\count438
\c@savedshorteditor=\count439
\c@narrator=\count440
\c@savednarrator=\count441
\c@execproducer=\count442
\c@savedexecproducer=\count443
\c@execdirector=\count444
\c@savedexecdirector=\count445
\c@with=\count446
\c@savedwith=\count447
\c@labelname=\count448
\c@savedlabelname=\count449
\c@institution=\count450
\c@savedinstitution=\count451
\c@lista=\count452
\c@savedlista=\count453
\c@listb=\count454
\c@savedlistb=\count455
\c@listc=\count456
\c@savedlistc=\count457
\c@listd=\count458
\c@savedlistd=\count459
\c@liste=\count460
\c@savedliste=\count461
\c@listf=\count462
\c@savedlistf=\count463
\c@location=\count464
\c@savedlocation=\count465
\c@organization=\count466
\c@savedorganization=\count467
\c@origlocation=\count468
\c@savedoriglocation=\count469
\c@origpublisher=\count470
\c@savedorigpublisher=\count471
\c@publisher=\count472
\c@savedpublisher=\count473
\c@language=\count474
\c@savedlanguage=\count475
\c@origlanguage=\count476
\c@savedoriglanguage=\count477
\c@citation=\count478
\c@savedcitation=\count479
\c@pageref=\count480
\c@savedpageref=\count481
\shorthandwidth=\skip80
\shortjournalwidth=\skip81
\shortserieswidth=\skip82
\shorttitlewidth=\skip83
\shortauthorwidth=\skip84
\shorteditorwidth=\skip85
\locallabelnumberwidth=\skip86
\locallabelalphawidth=\skip87
\localshorthandwidth=\skip88
\localshortjournalwidth=\skip89
\localshortserieswidth=\skip90
\localshorttitlewidth=\skip91
\localshortauthorwidth=\skip92
\localshorteditorwidth=\skip93
Package biblatex Info: Trying to load compatibility code...
Package biblatex Info: ... file 'blx-compat.def' found.
(/home/devesh/.miktex/texmfs/install/tex/latex/biblatex/blx-compat.def
File: blx-compat.def 2024/03/21 v3.20 biblatex compatibility (PK/MW)
)
Package biblatex Info: Trying to load generic definitions...
Package biblatex Info: ... file 'biblatex.def' found.
(/home/devesh/.miktex/texmfs/install/tex/latex/biblatex/biblatex.def
File: biblatex.def 2024/03/21 v3.20 biblatex compatibility (PK/MW)
\c@textcitecount=\count482
\c@textcitetotal=\count483
\c@textcitemaxnames=\count484
\c@biburlbigbreakpenalty=\count485
\c@biburlbreakpenalty=\count486
\c@biburlnumpenalty=\count487
\c@biburlucpenalty=\count488
\c@biburllcpenalty=\count489
\biburlbigskip=\muskip19
\biburlnumskip=\muskip20
\biburlucskip=\muskip21
\biburllcskip=\muskip22
\c@smartand=\count490
)
Package biblatex Info: Trying to load natbib compatibility...
Package biblatex Info: ... file 'blx-natbib.def' found.
(/home/devesh/.miktex/texmfs/install/tex/latex/biblatex/blx-natbib.def
File: blx-natbib.def 2024/03/21 v3.20 biblatex compatibility (PK/MW)
Package biblatex Info: Delimiter 'nameyeardelim' in context '' already defined,
 overwriting.
)
Package biblatex Info: Trying to load bibliography style 'apa'...
Package biblatex Info: ... file 'apa.bbx' found.
(/home/devesh/.miktex/texmfs/install/tex/latex/biblatex-apa/apa.bbx
File: apa.bbx 2023/03/20 v9.17 APA biblatex references style
Package biblatex Info: Trying to load bibliography style 'standard'...
Package biblatex Info: ... file 'standard.bbx' found.
(/home/devesh/.miktex/texmfs/install/tex/latex/biblatex/bbx/standard.bbx
File: standard.bbx 2024/03/21 v3.20 biblatex bibliography style (PK/MW)
\c@bbx:relatedcount=\count491
\c@bbx:relatedtotal=\count492
)
Package biblatex Info: Delimiter 'nameyeardelim' in context 'bib' already defin
ed, overwriting.
Package biblatex Info: Delimiter 'nameyeardelim' in context 'biblist' already d
efined, overwriting.
Package biblatex Info: Delimiter 'nonameyeardelim' in context 'bib' already def
ined, overwriting.
Package biblatex Info: Delimiter 'nonameyeardelim' in context 'biblist' already
 defined, overwriting.
)
Package biblatex Info: Trying to load citation style 'apa'...
Package biblatex Info: ... file 'apa.cbx' found.
(/home/devesh/.miktex/texmfs/install/tex/latex/biblatex-apa/apa.cbx
File: apa.cbx 2023/03/20 v9.17 APA biblatex citation style
Package biblatex Info: Delimiter 'nameyeardelim' in context '' already defined,
 overwriting.
Package biblatex Info: Delimiter 'andothersdelim' in context '' already defined
, overwriting.
Package biblatex Info: Redefining '\fullcite'.
Package biblatex Info: Redefining '\citeauthor'.
Package biblatex Info: Redefining '\citeyear'.
Package biblatex Info: Redefining '\cite'.
Package biblatex Info: Redefining '\cites'.
Package biblatex Info: Redefining '\parencite'.
Package biblatex Info: Redefining '\parencites'.
Package biblatex Info: Redefining '\footcite'.
Package biblatex Info: Redefining '\footcites'.
Package biblatex Info: Redefining '\footcitetext'.
Package biblatex Info: Redefining '\footcitetexts'.
Package biblatex Info: Redefining '\smartcite'.
Package biblatex Info: Redefining '\smartcites'.
Package biblatex Info: Redefining '\textcite'.
Package biblatex Info: Redefining '\textcites'.
)
Package biblatex Info: Trying to load configuration file...
Package biblatex Info: ... file 'biblatex.cfg' found.
(/home/devesh/.miktex/texmfs/install/tex/latex/biblatex/biblatex.cfg
File: biblatex.cfg 
)
Package biblatex Info: Input encoding 'utf8' detected.
Package biblatex Info: Document encoding is UTF8 ....
(/home/devesh/.miktex/texmfs/install/tex/latex/l3kernel/expl3.sty
Package: expl3 2025-01-18 L3 programming layer (loader) 
(/home/devesh/.miktex/texmfs/install/tex/latex/l3backend/l3backend-pdftex.def
File: l3backend-pdftex.def 2024-05-08 L3 backend support: PDF output (pdfTeX)
\l__color_backend_stack_int=\count493
\l__pdf_internal_box=\box73
))
Package biblatex Info: ... and expl3
(biblatex)             2025-01-18 L3 programming layer (loader) 
(biblatex)             is new enough (at least 2020/04/06),
(biblatex)             setting 'casechanger=expl3'.
(/home/devesh/.miktex/texmfs/install/tex/latex/biblatex/blx-case-expl3.sty (/ho
me/devesh/.miktex/texmfs/install/tex/latex/l3packages/xparse/xparse.sty
Package: xparse 2024-08-16 L3 Experimental document command parser
)
Package: blx-case-expl3 2024/03/21 v3.20 expl3 case changing code for biblatex
)) (/home/devesh/.miktex/texmfs/install/tex/latex/booktabs/booktabs.sty
Package: booktabs 2020/01/12 v1.61803398 Publication quality tables
\heavyrulewidth=\dimen184
\lightrulewidth=\dimen185
\cmidrulewidth=\dimen186
\belowrulesep=\dimen187
\belowbottomsep=\dimen188
\aboverulesep=\dimen189
\abovetopsep=\dimen190
\cmidrulesep=\dimen191
\cmidrulekern=\dimen192
\defaultaddspace=\dimen193
\@cmidla=\count494
\@cmidlb=\count495
\@aboverulesep=\dimen194
\@belowrulesep=\dimen195
\@thisruleclass=\count496
\@lastruleclass=\count497
\@thisrulewidth=\dimen196
)
(/home/devesh/.miktex/texmfs/install/tex/latex/glossaries-extra/glossaries-extr
a.sty
Package: glossaries-extra 2025/03/18 v1.59 (NLCT)
(/home/devesh/.miktex/texmfs/install/tex/latex/xkeyval/xkeyval.sty
Package: xkeyval 2022/06/16 v2.9 package option processing (HA)
(/home/devesh/.miktex/texmfs/install/tex/generic/xkeyval/xkeyval.tex (/home/dev
esh/.miktex/texmfs/install/tex/generic/xkeyval/xkvutils.tex
\XKV@toks=\toks35
\XKV@tempa@toks=\toks36
)
\XKV@depth=\count498
File: xkeyval.tex 2014/12/03 v2.7a key=value parser (HA)
)) (/home/devesh/.miktex/texmfs/install/tex/latex/glossaries/base/glossaries.st
y
Package: glossaries 2025/03/19 v4.58 (NLCT)
(/home/devesh/.miktex/texmfs/install/tex/latex/mfirstuc/mfirstuc.sty
Package: mfirstuc 2022/10/14 v2.08 (NLCT)
\@glsmfirst=\toks37
\@glsmrest=\toks38
) (/home/devesh/.miktex/texmfs/install/tex/latex/xfor/xfor.sty
Package: xfor 2009/02/05 v1.05 (NLCT)
) () (/home/devesh/.miktex/texmfs/install/tex/latex/datatool/datatool-base.sty
Package: datatool-base 2025/03/25 v3.3 (NLCT)
(/home/devesh/.miktex/texmfs/install/tex/latex/tracklang/tracklang.sty
Package: tracklang 2025/03/11 v1.6.6 (NLCT) Track Languages
(/home/devesh/.miktex/texmfs/install/tex/generic/tracklang/tracklang.tex)) (/ho
me/devesh/.miktex/texmfs/install/tex/latex/datatool/datatool-l3fp.def
File: datatool-l3fp.def 2025/03/25 v3.3 (NLCT)
)
\@dtl@toks=\toks39
\@dtl@tmpcount=\count499
\dtl@tmplength=\skip94
\l__datatool_measure_box=\box74
\dtl@sortresult=\count500
(/home/devesh/.miktex/texmfs/install/tex/latex/datatool/datatool-utf8.ldf
File: datatool-utf8.ldf 2025/03/25 v3.3 (NLCT)
)
\@dtl@datatype=\count501
\l__datatool_tmpa_int=\count502
\l__datatool_tmpb_int=\count503
\l__datatool_tmpc_int=\count504
\l__datatool_tmpd_int=\count505
\l__datatool_count_int=\count506
\l__datatool_tmp_datatype_int=\count507
\l__datatool_tmpa_dim=\dimen197
\l__datatool_tmpb_dim=\dimen198
\c_datatool_unknown_int=\count508
\l__datatool_year_int=\count509
\l__datatool_month_int=\count510
\l__datatool_day_int=\count511
\l__datatool_hour_int=\count512
\l__datatool_minute_int=\count513
\l__datatool_second_int=\count514
\l__datatool_tzhour_int=\count515
\l__datatool_tzminute_int=\count516
\l__datatool_julian_int=\count517
\l__datatool_local_julian_int=\count518
\l__datatool_prefix_int=\count519
\l__datatool_suffix_int=\count520
\@dtl@foreach@level=\count521
\dtl@codeA=\count522
\dtl@codeB=\count523
)
\gls@level=\count524
\@gls@tmpb=\toks40
\gls@tmplen=\skip95
\glskeylisttok=\toks41
\glslabeltok=\toks42
\glsshorttok=\toks43
\glslongtok=\toks44

(/home/devesh/.miktex/texmfs/install/tex/latex/glossaries/styles/glossary-hyper
nav.sty
Package: glossary-hypernav 2025/03/19 v4.58 (NLCT)
)
(/home/devesh/.miktex/texmfs/install/tex/latex/glossaries/styles/glossary-list.
sty
Package: glossary-list 2025/03/19 v4.58 (NLCT)
\glslistdottedwidth=\skip96
)
(/home/devesh/.miktex/texmfs/install/tex/latex/glossaries/styles/glossary-long.
sty
Package: glossary-long 2025/03/19 v4.58 (NLCT)
(/home/devesh/.miktex/texmfs/install/tex/latex/tools/longtable.sty
Package: longtable 2024-10-27 v4.22 Multi-page Table package (DPC)
\LTleft=\skip97
\LTright=\skip98
\LTpre=\skip99
\LTpost=\skip100
\LTchunksize=\count525
\LTcapwidth=\dimen199
\LT@head=\box75
\LT@firsthead=\box76
\LT@foot=\box77
\LT@lastfoot=\box78
\LT@gbox=\box79
\LT@cols=\count526
\LT@rows=\count527
\c@LT@tables=\count528
\c@LT@chunks=\count529
\LT@p@ftn=\toks45
)
\glsdescwidth=\skip101
\glspagelistwidth=\skip102
)
(/home/devesh/.miktex/texmfs/install/tex/latex/glossaries/styles/glossary-super
.sty
Package: glossary-super 2025/03/19 v4.58 (NLCT)
(/home/devesh/.miktex/texmfs/install/tex/latex/supertabular/supertabular.sty
Package: supertabular 2024/07/20 v4.2c the supertabular environment
\c@tracingst=\count530
\ST@wd=\dimen256
\ST@rightskip=\skip103
\ST@leftskip=\skip104
\ST@parfillskip=\skip105
\ST@pageleft=\dimen257
\ST@headht=\dimen258
\ST@tailht=\dimen259
\ST@pagesofar=\dimen260
\ST@pboxht=\dimen261
\ST@rowht=\dimen262
\ST@prevht=\dimen263
\ST@toadd=\dimen264
\ST@dimen=\dimen265
\ST@pbox=\box80
))
(/home/devesh/.miktex/texmfs/install/tex/latex/glossaries/styles/glossary-tree.
sty
Package: glossary-tree 2025/03/19 v4.58 (NLCT)
\glstreeindent=\skip106
))
\@glsxtr@leveloffset=\count531
\glsxtrresourcecount=\count532
\@glsxtrnewgls@inner=\count533
\glsshortpltok=\toks46
\glslongpltok=\toks47

(/home/devesh/.miktex/texmfs/install/tex/latex/glossaries-extra/glossaries-extr
a-abbrstyles.def
File: glossaries-extra-abbrstyles.def 2025/03/18 v1.59 (NLCT)
)
\mglselementindex=\count534
)
runsystem(makeindex -s main.ist -t main.glg -o main.gls main.glo)...executed sa
fely (allowed).

runsystem(makeindex -s main.ist -t main.slg -o main.sls main.slo)...executed sa
fely (allowed).

\glswrite=\write5
\glo@main@file=\write6
\openout6 = `main.glo'.

Package glossaries Info: Writing glossary file main.glo on input line 49.
\glo@symbols@file=\write7
\openout7 = `main.slo'.

Package glossaries Info: Writing glossary file main.slo on input line 49.
(acronyms.tex)
Package translations Info: No language package found. I am going to use `englis
h' as default language. on input line 63.
Package csquotes Info: Checking for multilingual support...
Package csquotes Info: ... none found.
LaTeX Font Info:    Trying to load font information for OT1+ptm on input line 6
3.
(/home/devesh/.miktex/texmfs/install/tex/latex/psnfss/ot1ptm.fd
File: ot1ptm.fd 2001/06/04 font definitions for OT1/ptm.
) (/home/devesh/projects/IIIT-Hyderabad-MS-Thesis/out/main.aux)
\openout1 = `main.aux'.

LaTeX Font Info:    Checking defaults for OML/cmm/m/it on input line 63.
LaTeX Font Info:    ... okay on input line 63.
LaTeX Font Info:    Checking defaults for OMS/cmsy/m/n on input line 63.
LaTeX Font Info:    ... okay on input line 63.
LaTeX Font Info:    Checking defaults for OT1/cmr/m/n on input line 63.
LaTeX Font Info:    ... okay on input line 63.
LaTeX Font Info:    Checking defaults for T1/cmr/m/n on input line 63.
LaTeX Font Info:    ... okay on input line 63.
LaTeX Font Info:    Checking defaults for TS1/cmr/m/n on input line 63.
LaTeX Font Info:    ... okay on input line 63.
LaTeX Font Info:    Checking defaults for OMX/cmex/m/n on input line 63.
LaTeX Font Info:    ... okay on input line 63.
LaTeX Font Info:    Checking defaults for U/cmr/m/n on input line 63.
LaTeX Font Info:    ... okay on input line 63.
LaTeX Font Info:    Checking defaults for PD1/pdf/m/n on input line 63.
LaTeX Font Info:    ... okay on input line 63.
LaTeX Font Info:    Checking defaults for PU/pdf/m/n on input line 63.
LaTeX Font Info:    ... okay on input line 63.
(/home/devesh/.miktex/texmfs/install/tex/context/base/mkii/supp-pdf.mkii
[Loading MPS to PDF converter (version 2006.09.02).]
\scratchcounter=\count535
\scratchdimen=\dimen266
\scratchbox=\box81
\nofMPsegments=\count536
\nofMParguments=\count537
\everyMPshowfont=\toks48
\MPscratchCnt=\count538
\MPscratchDim=\dimen267
\MPnumerator=\count539
\makeMPintoPDFobject=\count540
\everyMPtoPDFconversion=\toks49
) (/home/devesh/.miktex/texmfs/install/tex/latex/epstopdf-pkg/epstopdf-base.sty
Package: epstopdf-base 2020-01-24 v2.11 Base part for package epstopdf
Package epstopdf-base Info: Redefining graphics rule for `.eps' on input line 4
85.
(/home/devesh/.miktex/texmfs/install/tex/latex/00miktex/epstopdf-sys.cfg
File: epstopdf-sys.cfg 2021/03/18 v2.0 Configuration of epstopdf for MiKTeX
))
Package hyperref Info: Link coloring OFF on input line 63.
(main.out) (main.out)
\@outlinefile=\write8
\openout8 = `main.out'.

(/home/devesh/.miktex/texmfs/install/tex/latex/pdflscape/pdflscape.sty
Package: pdflscape 2022-10-27 v0.13 Display of landscape pages in PDF

(/home/devesh/.miktex/texmfs/install/tex/latex/pdflscape/pdflscape-nometadata.s
ty
Package: pdflscape-nometadata 2022-10-28 v0.13 Display of landscape pages in PD
F (HO)
(/home/devesh/.miktex/texmfs/install/tex/latex/graphics/lscape.sty
Package: lscape 2020/05/28 v3.02 Landscape Pages (DPC)
)
Package pdflscape Info: Auto-detected driver: pdftex on input line 81.
))
(/home/devesh/.miktex/texmfs/install/tex/latex/translations/dicts/translations-
basic-dictionary-english.trsl
File: translations-basic-dictionary-english.trsl (english translation file `tra
nslations-basic-dictionary')
)
Package translations Info: loading dictionary `translations-basic-dictionary' f
or `english'. on input line 63.
\c@lstlisting=\count541
Package biblatex Info: Trying to load language 'english' -> 'english-apa'...
Package biblatex Info: ... file 'english-apa.lbx' found.
(/home/devesh/.miktex/texmfs/install/tex/latex/biblatex-apa/english-apa.lbx
File: english-apa.lbx 2023/03/20 v9.17 APA biblatex localisation
Package biblatex Info: Trying to load language 'english'...
Package biblatex Info: ... file 'english.lbx' found.
(/home/devesh/.miktex/texmfs/install/tex/latex/biblatex/lbx/english.lbx
File: english.lbx 2024/03/21 v3.20 biblatex localization (PK/MW)
)
Package biblatex Info: Trying to load language 'american' -> 'american-apa'...
Package biblatex Info: ... file 'american-apa.lbx' found.
(/home/devesh/.miktex/texmfs/install/tex/latex/biblatex-apa/american-apa.lbx
File: american-apa.lbx 2023/03/20 v9.17 APA biblatex localisation
Package biblatex Info: Trying to load language 'american'...
Package biblatex Info: ... file 'american.lbx' found.
(/home/devesh/.miktex/texmfs/install/tex/latex/biblatex/lbx/american.lbx
File: american.lbx 2024/03/21 v3.20 biblatex localization (PK/MW)
Package biblatex Info: Trying to load language 'english'...
Package biblatex Info: ... file 'english.lbx' found.
(/home/devesh/.miktex/texmfs/install/tex/latex/biblatex/lbx/english.lbx
File: english.lbx 2024/03/21 v3.20 biblatex localization (PK/MW)
))))
Package biblatex Info: Input encoding 'utf8' detected.
Package biblatex Info: Automatic encoding selection.
(biblatex)             Assuming data encoding 'utf8'.
\openout4 = `main.bcf'.

Package biblatex Info: Trying to load bibliographic data...
Package biblatex Info: ... file 'main.bbl' found.
(main.bbl)
Package biblatex Info: Reference section=0 on input line 63.
Package biblatex Info: Reference segment=0 on input line 63.
(sections/titlePage.tex
LaTeX Font Info:    Trying to load font information for OT1+pcr on input line 2
3.
(/home/devesh/.miktex/texmfs/install/tex/latex/psnfss/ot1pcr.fd
File: ot1pcr.fd 2001/06/04 font definitions for OT1/pcr.
)
<figures/iiit.png, id=231, 389.455pt x 200.75pt>
File: figures/iiit.png Graphic file (type png)
<use figures/iiit.png>
Package pdftex.def Info: figures/iiit.png  used on input line 30.
(pdftex.def)             Requested size: 142.26378pt x 73.3298pt.
)

[1

\openout5 = `main.ist'.


{/home/devesh/.miktex/texmfs/data/fonts/map/pdftex/pdftex.map}{/home/devesh/.mi
ktex/texmfs/install/fonts/enc/dvips/base/8r.enc} <./figures/iiit.png>]
LaTeX Font Info:    Trying to load font information for TS1+ptm on input line 7
1.
(/home/devesh/.miktex/texmfs/install/tex/latex/psnfss/ts1ptm.fd
File: ts1ptm.fd 2001/06/04 font definitions for TS1/ptm.
)

[2] (sections/certificate.tex
LaTeX Font Info:    Trying to load font information for U+msa on input line 16.

(/home/devesh/.miktex/texmfs/install/tex/latex/amsfonts/umsa.fd
File: umsa.fd 2013/01/14 v3.01 AMS symbols A
)
LaTeX Font Info:    Trying to load font information for U+msb on input line 16.

(/home/devesh/.miktex/texmfs/install/tex/latex/amsfonts/umsb.fd
File: umsb.fd 2013/01/14 v3.01 AMS symbols B
))

[3] (sections/par.tex)

[4

] (sections/ack.tex)

[5

] (sections/abstract.tex)

[6

] (main.toc

[7

])
\tf@toc=\write9
\openout9 = `main.toc'.



[8] (main.lof
Overfull \hbox (14.62372pt too wide) in paragraph at lines 11--11
 [][] [][]\OT1/ptm/m/n/10.95 Assembly Elections: Histogram illustrating the dis
tribution of effective parties for mountain 
 []

)
\tf@lof=\write10
\openout10 = `main.lof'.



[9

] (main.lot)
\tf@lot=\write11
\openout11 = `main.lot'.

(main.gls)

[10

] (sections/relatedPapers.tex
Overfull \hbox (3.26936pt too wide) in paragraph at lines 3--4
[]\OT1/ptm/m/n/10.95 Devesh Marwah, Aniket Alam, \OT1/ptm/b/n/10.95 ``The High 
and The Low: A Comparative Analysis of Mountain
 []

)

[11

]
{\it Chapter} 1.
(sections/ch0.tex
Underfull \vbox (badness 1596) has occurred while \output is active []



[1

]

[2]
Underfull \hbox (badness 3492) in paragraph at lines 30--31
[]\OT1/ptm/b/n/10.95 How do the political systems of mountainous and plain regi
ons in India differ
 []


Underfull \hbox (badness 6380) in paragraph at lines 31--32
[]\OT1/ptm/b/n/10.95 How do gender differences in mountainous and plain regions
 of India differ
 []


Underfull \hbox (badness 1436) in paragraph at lines 32--33
[]\OT1/ptm/b/n/10.95 What qualitative theories account for the political and ge
nder expressions between
 []



[3]
Underfull \vbox (badness 10000) has occurred while \output is active []



[4])

[5]
{\it Chapter} 2.
(sections/lit_review.tex

[6

]

[7]
Underfull \vbox (badness 10000) has occurred while \output is active []



[8]

[9]

[10]

[11]

[12]

[13]

[14])

[15]
{\it Chapter} 3.
(sections/ch1.tex

[16

]

[17]
Overfull \hbox (4.67093pt too wide) in paragraph at lines 37--38
[]\OT1/ptm/m/n/10.95 The \OT1/ptm/b/n/10.95 household dataset \OT1/ptm/m/n/10.9
5 provides insights into household composition, living conditions of different
 []



[18]

[19]

[20]

[21]

LaTeX Warning: Reference `tab:stats_tests' on page 22 undefined on input line 1
16.


LaTeX Warning: Reference `img:histogram' on page 22 undefined on input line 116
.


LaTeX Warning: `h' float specifier changed to `ht'.



[22]

LaTeX Warning: Reference `tab:disaggregated_across_years' on page 23 undefined 
on input line 189.


LaTeX Warning: Reference `tab:disaggregated_without_manipur' on page 23 undefin
ed on input line 189.



[23]

LaTeX Warning: Reference `tab:mountain_percentage_district' on page 24 undefine
d on input line 238.


LaTeX Warning: Reference `tab:plain_percentage_districts' on page 24 undefined 
on input line 238.


LaTeX Warning: Reference `tab:mountain_percentage_district' on page 24 undefine
d on input line 238.


LaTeX Warning: Reference `tab:plain_percentage_districts' on page 24 undefined 
on input line 238.



[24]

LaTeX Warning: Reference `img:mountain_enp' on page 25 undefined on input line 
267.


LaTeX Warning: Reference `img:plain_enp' on page 25 undefined on input line 267
.


LaTeX Warning: Reference `tab:state_data' on page 25 undefined on input line 27
1.


LaTeX Warning: Reference `tab:state_data' on page 25 undefined on input line 27
1.



[25]

LaTeX Warning: Reference `img:mountain_enp' on page 26 undefined on input line 
275.


LaTeX Warning: Reference `img:plain_enp' on page 26 undefined on input line 275
.


LaTeX Warning: Reference `img:overall_enp' on page 26 undefined on input line 2
79.


LaTeX Warning: Reference `img:assembly_histogram' on page 26 undefined on input
 line 316.



[26]

LaTeX Warning: Reference `tab:assembly_mountain_percentage_district' on page 27
 undefined on input line 375.


LaTeX Warning: Reference `tab:assembly_plains_percentage_district' on page 27 u
ndefined on input line 375.


Underfull \vbox (badness 4316) has occurred while \output is active []



[27]

LaTeX Warning: Reference `img:assembly_plain_enp' on page 28 undefined on input
 line 377.


LaTeX Warning: Reference `img:assembly_mountain_enp' on page 28 undefined on in
put line 377.


LaTeX Warning: Reference `img:assembly_overall_enp' on page 28 undefined on inp
ut line 382.



[28]

LaTeX Warning: Reference `tab:child_marriage' on page 29 undefined on input lin
e 421.



[29]

LaTeX Warning: Reference `tab:combined_literacy_states_diff' on page 30 undefin
ed on input line 424.


LaTeX Warning: Reference `tab:combined_literacy_states_diff' on page 30 undefin
ed on input line 424.


LaTeX Warning: `h' float specifier changed to `ht'.


LaTeX Warning: `!h' float specifier changed to `!ht'.


LaTeX Warning: Reference `tab:breastmilk_rank' on page 30 undefined on input li
ne 491.


LaTeX Warning: `!h' float specifier changed to `!ht'.


LaTeX Warning: Reference `tab:contraceptive_data' on page 30 undefined on input
 line 523.



[30]

LaTeX Warning: Text page 31 contains only floats.



[31]

LaTeX Warning: Reference `tab:consolidated_ranks' on page 32 undefined on input
 line 526.


LaTeX Warning: Reference `ranking_methodology' on page 32 undefined on input li
ne 526.



[32])

[33]
{\it Chapter} 4.
(sections/ch2.tex

[34

]

[35]

[36]
Underfull \vbox (badness 10000) has occurred while \output is active []



[37]

[38]

[39]

[40]

[41])

[42]
{\it Chapter} 5.
(sections/conclusion.tex
Underfull \vbox (badness 6125) has occurred while \output is active []



[43

]
Underfull \vbox (badness 4913) has occurred while \output is active []



[44])

[45]

[46

]
Overfull \hbox (15.77054pt too wide) in paragraph at lines 133--133
[][]\OT1/ptm/m/n/10.95 Chima, J., & Saikia, P. (2023). \OT1/ptm/m/it/10.95 Insu
rgency in india's northeast: Identity formation, postcolonial nation/state-
 []


Overfull \hbox (8.22614pt too wide) in paragraph at lines 133--133
[][]\OT1/ptm/m/n/10.95 Cox, G. W. (1997). \OT1/ptm/m/it/10.95 Making votes coun
t: Strategic coordination in the world's electoral systems\OT1/ptm/m/n/10.95 . 
cambridge
 []



[47]

[48]
Overfull \hbox (14.0868pt too wide) in paragraph at lines 133--133
[][]\OT1/ptm/m/n/10.95 Jaffrelot, C., & Verniers, G. (2020). The bjp's 2019 ele
ction campaign: Not business as usual. \OT1/ptm/m/it/10.95 Contemporary
 []



[49]
Overfull \hbox (3.05174pt too wide) in paragraph at lines 133--133
[][]\OT1/ptm/m/n/10.95 Mishra, S. (2000). \OT1/ptm/m/it/10.95 The politics of s
tate formation in india: The case of uttarakhand \OT1/ptm/m/n/10.95 [Doctoral d
issertation,
 []


Package biblatex Warning: No driver for 'case'.
(biblatex)                Using fallback driver on input line 132.


Overfull \hbox (5.06383pt too wide) in paragraph at lines 133--133
[][]\OT1/ptm/m/n/10.95 Office of the Registrar General and Census Commissioner,
 India. (1991). Census of india 1991 [Accessed:
 []


Overfull \hbox (5.06383pt too wide) in paragraph at lines 133--133
[][]\OT1/ptm/m/n/10.95 Office of the Registrar General and Census Commissioner,
 India. (2001). Census of india 2001 [Accessed:
 []


Overfull \hbox (5.06383pt too wide) in paragraph at lines 133--133
[][]\OT1/ptm/m/n/10.95 Office of the Registrar General and Census Commissioner,
 India. (2011). Census of india 2011 [Accessed:
 []


Overfull \hbox (0.44698pt too wide) in paragraph at lines 133--133
[][]\OT1/ptm/m/n/10.95 Pachauri, S. (2014). Priority strategies for india's fam
ily planning programme. \OT1/ptm/m/it/10.95 Indian Journal of Medical
 []



[50]
Overfull \hbox (8.7417pt too wide) in paragraph at lines 133--133
[][]\OT1/ptm/m/n/10.95 Padhiari, H. K., & Ballabh, V. (2008). Inter-state water
 disputes and the governance challenge. \OT1/ptm/m/it/10.95 Governance
 []


Package biblatex Warning: No driver for 'case'.
(biblatex)                Using fallback driver on input line 132.


Overfull \hbox (0.31871pt too wide) in paragraph at lines 133--133
[][]\OT1/ptm/m/n/10.95 Rajasekhar, D., & Srinivasacharyulu, A. (2016). Women re
presentation in politics: A study of panchayati
 []



[51]
Overfull \hbox (0.54704pt too wide) in paragraph at lines 133--133
[][]\OT1/ptm/m/n/10.95 Sundar, N. (2001). Debating dussehra and reinterpreting 
rebellion in bastar district, central india. \OT1/ptm/m/it/10.95 Journal
 []


Overfull \hbox (116.11128pt too wide) in paragraph at lines 133--133
[][]\OT1/ptm/m/n/10.95 van Geffen, A. (2023). Gdldata: Global data lab r api [h
ttps://docs.globaldatalab.org/gdldata/, https://github.com/GlobalDataLab/R-
 []


Overfull \hbox (1.66425pt too wide) in paragraph at lines 133--133
[][]\OT1/ptm/m/n/10.95 Van Schendel, W. (2005). Geographies of knowing, geograp
hies of ignorance: Jumping scale in southeast
 []



[52]

[53]
{\it Chapter} 6.
(sections/appendix.tex
<figures/lok/histogram.pdf, id=1027, 1076.82304pt x 426.39299pt>
File: figures/lok/histogram.pdf Graphic file (type pdf)
<use figures/lok/histogram.pdf>
Package pdftex.def Info: figures/lok/histogram.pdf  used on input line 4.
(pdftex.def)             Requested size: 406.51599pt x 160.97049pt.
<figures/lok/mountain_states.pdf, id=1028, 1032.37697pt x 1012.50267pt>
File: figures/lok/mountain_states.pdf Graphic file (type pdf)
<use figures/lok/mountain_states.pdf>
Package pdftex.def Info: figures/lok/mountain_states.pdf  used on input line 11
.
(pdftex.def)             Requested size: 406.51599pt x 398.69049pt.
<figures/lok/plains_states.pdf, id=1029, 1032.37697pt x 1012.50267pt>
File: figures/lok/plains_states.pdf Graphic file (type pdf)
<use figures/lok/plains_states.pdf>
Package pdftex.def Info: figures/lok/plains_states.pdf  used on input line 18.
(pdftex.def)             Requested size: 406.51599pt x 398.69049pt.
<figures/lok/final.pdf, id=1030, 916.92563pt x 904.91077pt>
File: figures/lok/final.pdf Graphic file (type pdf)
<use figures/lok/final.pdf>
Package pdftex.def Info: figures/lok/final.pdf  used on input line 25.
(pdftex.def)             Requested size: 406.51599pt x 401.18588pt.
<figures/assembly/histogram.pdf, id=1031, 1076.82304pt x 426.39299pt>
File: figures/assembly/histogram.pdf Graphic file (type pdf)
<use figures/assembly/histogram.pdf>
Package pdftex.def Info: figures/assembly/histogram.pdf  used on input line 33.

(pdftex.def)             Requested size: 406.51599pt x 160.97049pt.
<figures/assembly/assembly_elections_mountain_states.pdf, id=1032, 1044.30153pt
 x 1015.03214pt>
File: figures/assembly/assembly_elections_mountain_states.pdf Graphic file (typ
e pdf)
<use figures/assembly/assembly_elections_mountain_states.pdf>
Package pdftex.def Info: figures/assembly/assembly_elections_mountain_states.pd
f  used on input line 40.
(pdftex.def)             Requested size: 406.51599pt x 395.11751pt.
<figures/assembly/assembly_elections_plains_states.pdf, id=1033, 1044.30153pt x
 1015.03214pt>
File: figures/assembly/assembly_elections_plains_states.pdf Graphic file (type 
pdf)
<use figures/assembly/assembly_elections_plains_states.pdf>
Package pdftex.def Info: figures/assembly/assembly_elections_plains_states.pdf 
 used on input line 47.
(pdftex.def)             Requested size: 406.51599pt x 395.11751pt.
<figures/assembly/assembly_final_adjusted.pdf, id=1034, 920.5391pt x 904.91077p
t>
File: figures/assembly/assembly_final_adjusted.pdf Graphic file (type pdf)
<use figures/assembly/assembly_final_adjusted.pdf>
Package pdftex.def Info: figures/assembly/assembly_final_adjusted.pdf  used on 
input line 54.
(pdftex.def)             Requested size: 406.51599pt x 399.61179pt.
<figures/nfhs/mountainous_states_marriage_subplots.pdf, id=1035, 857.84491pt x 
1109.10356pt>
File: figures/nfhs/mountainous_states_marriage_subplots.pdf Graphic file (type 
pdf)
<use figures/nfhs/mountainous_states_marriage_subplots.pdf>
Package pdftex.def Info: figures/nfhs/mountainous_states_marriage_subplots.pdf 
 used on input line 64.
(pdftex.def)             Requested size: 406.51599pt x 525.59425pt.

Underfull \vbox (badness 10000) has occurred while \output is active []



[54

 <./figures/lok/histogram.pdf>]

[55 <./figures/lok/mountain_states.pdf>]

[56 <./figures/lok/plains_states.pdf>]

[57 <./figures/lok/final.pdf>]
Overfull \vbox (142.07709pt too high) has occurred while \output is active []



[58 <./figures/assembly/histogram.pdf> <./figures/nfhs/mountainous_states_marri
age_subplots.pdf>]

[59 <./figures/assembly/assembly_elections_mountain_states.pdf>]

[60 <./figures/assembly/assembly_elections_plains_states.pdf>]

[61 <./figures/assembly/assembly_final_adjusted.pdf>]
<figures/nfhs/plain_states_literacy_subplots.pdf, id=1105, 858.0858pt x 1109.10
356pt>
File: figures/nfhs/plain_states_literacy_subplots.pdf Graphic file (type pdf)
<use figures/nfhs/plain_states_literacy_subplots.pdf>
Package pdftex.def Info: figures/nfhs/plain_states_literacy_subplots.pdf  used 
on input line 71.
(pdftex.def)             Requested size: 406.51599pt x 525.44194pt.
<figures/nfhs/mountainous_states_literacy_subplots.pdf, id=1106, 858.0858pt x 1
109.10356pt>
File: figures/nfhs/mountainous_states_literacy_subplots.pdf Graphic file (type 
pdf)
<use figures/nfhs/mountainous_states_literacy_subplots.pdf>
Package pdftex.def Info: figures/nfhs/mountainous_states_literacy_subplots.pdf 
 used on input line 78.
(pdftex.def)             Requested size: 406.51599pt x 525.44194pt.

Underfull \vbox (badness 10000) has occurred while \output is active []



[62 <./figures/nfhs/plain_states_literacy_subplots.pdf>]
<figures/nfhs/plain_states_contraceptive_subplots.pdf, id=1116, 857.84491pt x 1
109.10356pt>
File: figures/nfhs/plain_states_contraceptive_subplots.pdf Graphic file (type p
df)
<use figures/nfhs/plain_states_contraceptive_subplots.pdf>
Package pdftex.def Info: figures/nfhs/plain_states_contraceptive_subplots.pdf  
used on input line 85.
(pdftex.def)             Requested size: 406.51599pt x 525.59425pt.

Underfull \vbox (badness 10000) has occurred while \output is active []



[63 <./figures/nfhs/mountainous_states_literacy_subplots.pdf>]
<figures/nfhs/mountainous_states_contraceptive_subplots.pdf, id=1125, 857.84491
pt x 1109.10356pt>
File: figures/nfhs/mountainous_states_contraceptive_subplots.pdf Graphic file (
type pdf)
<use figures/nfhs/mountainous_states_contraceptive_subplots.pdf>
Package pdftex.def Info: figures/nfhs/mountainous_states_contraceptive_subplots
.pdf  used on input line 92.
(pdftex.def)             Requested size: 406.51599pt x 525.59425pt.

Underfull \vbox (badness 10000) has occurred while \output is active []



[64 <./figures/nfhs/plain_states_contraceptive_subplots.pdf>]
<figures/nfhs/plain_states_breast_milk_subplots.pdf, id=1134, 857.84491pt x 110
9.10356pt>
File: figures/nfhs/plain_states_breast_milk_subplots.pdf Graphic file (type pdf
)
<use figures/nfhs/plain_states_breast_milk_subplots.pdf>
Package pdftex.def Info: figures/nfhs/plain_states_breast_milk_subplots.pdf  us
ed on input line 99.
(pdftex.def)             Requested size: 406.51599pt x 525.59425pt.

Underfull \vbox (badness 10000) has occurred while \output is active []



[65 <./figures/nfhs/mountainous_states_contraceptive_subplots.pdf>]
<figures/nfhs/mountainous_states_breast_milk_subplots.pdf, id=1143, 857.84491pt
 x 1109.10356pt>
File: figures/nfhs/mountainous_states_breast_milk_subplots.pdf Graphic file (ty
pe pdf)
<use figures/nfhs/mountainous_states_breast_milk_subplots.pdf>
Package pdftex.def Info: figures/nfhs/mountainous_states_breast_milk_subplots.p
df  used on input line 106.
(pdftex.def)             Requested size: 406.51599pt x 525.59425pt.

Underfull \vbox (badness 10000) has occurred while \output is active []



[66 <./figures/nfhs/plain_states_breast_milk_subplots.pdf>]
<figures/nfhs/plain_states_marriage_subplots.pdf, id=1152, 857.84491pt x 1109.1
0356pt>
File: figures/nfhs/plain_states_marriage_subplots.pdf Graphic file (type pdf)
<use figures/nfhs/plain_states_marriage_subplots.pdf>
Package pdftex.def Info: figures/nfhs/plain_states_marriage_subplots.pdf  used 
on input line 113.
(pdftex.def)             Requested size: 406.51599pt x 525.59425pt.
)
Underfull \vbox (badness 10000) has occurred while \output is active []



[67 <./figures/nfhs/mountainous_states_breast_milk_subplots.pdf>]

[68 <./figures/nfhs/plain_states_marriage_subplots.pdf>] (/home/devesh/projects
/IIIT-Hyderabad-MS-Thesis/out/main.aux)
 ***********
LaTeX2e <2024-11-01> patch level 2
L3 programming layer <2025-01-18>
 ***********

LaTeX Warning: There were undefined references.


LaTeX Warning: Label(s) may have changed. Rerun to get cross-references right.

Package rerunfilecheck Info: File `main.out' has not changed.
(rerunfilecheck)             Checksum: D44B11ACC4838E49CE571C850DF58BE6;9485.

Package biblatex Warning: Please (re)run Biber on the file:
(biblatex)                main
(biblatex)                and rerun LaTeX afterwards.

Package logreq Info: Writing requests to 'main.run.xml'.
\openout1 = `main.run.xml'.

 ) 
Here is how much of TeX's memory you used:
 37424 strings out of 475467
 768968 string characters out of 5766730
 1772247 words of memory out of 5000000
 59614 multiletter control sequences out of 15000+600000
 584676 words of font info for 83 fonts, out of 8000000 for 9000
 0 hyphenation exceptions out of 8191
 77i,12n,101p,3806b,5185s stack positions out of 10000i,1000n,20000p,200000b,200000s
</home/devesh/.miktex/texmfs/install/fonts/type1/public/amsfonts/cm/cmex10.pf
b></home/devesh/.miktex/texmfs/install/fonts/type1/public/amsfonts/cm/cmmi10.pf
b></home/devesh/.miktex/texmfs/install/fonts/type1/public/amsfonts/cm/cmmi8.pfb
></home/devesh/.miktex/texmfs/install/fonts/type1/public/amsfonts/cm/cmr10.pfb>
</home/devesh/.miktex/texmfs/install/fonts/type1/public/amsfonts/cm/cmr8.pfb></
home/devesh/.miktex/texmfs/install/fonts/type1/public/amsfonts/cm/cmsy10.pfb></
home/devesh/.miktex/texmfs/install/fonts/type1/public/amsfonts/cm/cmsy8.pfb></h
ome/devesh/.miktex/texmfs/install/fonts/type1/urw/courier/ucrr8a.pfb></home/dev
esh/.miktex/texmfs/install/fonts/type1/urw/times/utmb8a.pfb></home/devesh/.mikt
ex/texmfs/install/fonts/type1/urw/times/utmbi8a.pfb></home/devesh/.miktex/texmf
s/install/fonts/type1/urw/times/utmr8a.pfb></home/devesh/.miktex/texmfs/install
/fonts/type1/urw/times/utmr8a.pfb></home/devesh/.miktex/texmfs/install/fonts/ty
pe1/urw/times/utmri8a.pfb>
Output written on /home/devesh/projects/IIIT-Hyderabad-MS-Thesis/out/main.pdf (
79 pages, 27495076 bytes).
PDF statistics:
 1298 PDF objects out of 1440 (max. 8388607)
 327 named destinations out of 1000 (max. 500000)
 542 words of extra memory for PDF output out of 10000 (max. 10000000)

